{"/Users/zhangjian/github/ruihua-portal/models/Faq.js": {"path":"/Users/zhangjian/github/ruihua-portal/models/Faq.js","statementMap":{"0":{"start":{"line":1,"column":17},"end":{"line":1,"column":36}},"1":{"start":{"line":3,"column":18},"end":{"line":11,"column":2}},"2":{"start":{"line":13,"column":0},"end":{"line":13,"column":50}}},"fnMap":{},"branchMap":{},"s":{"0":1,"1":1,"2":1},"f":{},"b":{},"_coverageSchema":"1a1c01bbd47fc00a2c39e90264f33305004495a9","hash":"0773b444038d17bba14f0e6e6a8dd20b05f4ca80"}
}
